22:01:24.703 [NamespaceSystem-akka.actor.default-dispatcher-4] INFO akka.event.slf4j.Slf4jLogger - Slf4jLogger started
22:01:24.769 [main] INFO com.firebase.server.forge.App$ - Listening at 127.0.0.1:9000
22:01:35.562 [NamespaceSystem-akka.actor.default-dispatcher-5] INFO com.firebase.core.namespace.NamespaceActor - demo-friendlychat-android-default-rtdb successfully activated FBKV (SurveyIdle(0)) wait: 57ms, init: 0ms
22:01:35.592 [NamespaceSystem-blocking-namespace-operation-dispatcher-6] INFO com.firebase.core.namespace.StateManager - Namespace demo-friendlychat-android-default-rtdb status Active to Active
22:31:06.063 [FirebaseWorkerPool-1-1] WARN com.firebase.core.persistence.backend.dummy.EmulatorMetadataPersistence - Multiple projectIds are not recommended in single project mode. Requested 
namespace demo-friendlychat-android, but the emulator is configured for demo-friendlychat-android-default-rtdb. To 
opt-out of single project mode add/set the single_project_mode: false property in 
the firebase.json emulators config. 
22:31:06.073 [NamespaceSystem-akka.actor.default-dispatcher-11] INFO com.firebase.core.namespace.NamespaceActor - demo-friendlychat-android successfully activated FBKV (SurveyIdle(0)) wait: 3ms, init: 0ms
22:40:59.109 [FirebaseWorkerPool-1-3] WARN com.firebase.core.persistence.backend.dummy.EmulatorMetadataPersistence - Multiple projectIds are not recommended in single project mode. Requested 
namespace 127, but the emulator is configured for demo-friendlychat-android,demo-friendlychat-android-default-rtdb. To 
opt-out of single project mode add/set the single_project_mode: false property in 
the firebase.json emulators config. 
22:40:59.111 [NamespaceSystem-akka.actor.default-dispatcher-16] INFO com.firebase.core.namespace.NamespaceActor - 127 successfully activated FBKV (SurveyIdle(0)) wait: 0ms, init: 0ms
23:50:00.437 [Thread-0] INFO com.firebase.server.forge.App$ - Attempting graceful shutdown.
23:50:00.442 [NamespaceSystem-akka.actor.default-dispatcher-13] INFO com.firebase.core.namespace.Terminator$Terminator - 3 actors left to terminate: demo-friendlychat-android-default-rtdb, demo-friendlychat-android, 127
23:50:00.446 [NamespaceSystem-akka.actor.default-dispatcher-85] INFO com.firebase.core.namespace.NamespaceActor - stopped namespace actor for demo-friendlychat-android
23:50:00.446 [NamespaceSystem-akka.actor.default-dispatcher-103] INFO com.firebase.core.namespace.NamespaceActor - stopped namespace actor for 127
23:50:00.446 [NamespaceSystem-akka.actor.default-dispatcher-16] INFO com.firebase.core.namespace.NamespaceActor - stopped namespace actor for demo-friendlychat-android-default-rtdb
23:50:00.448 [Thread-0] INFO com.firebase.server.forge.App$ - Graceful shutdown complete.
