[debug] [2023-05-06T05:01:18.545Z] ----------------------------------------------------------------------
[debug] [2023-05-06T05:01:18.546Z] Command:       /usr/local/bin/firebase /Users/admin/.cache/firebase/tools/lib/node_modules/firebase-tools/lib/bin/firebase emulators:start --project=demo-friendlychat-android
[debug] [2023-05-06T05:01:18.546Z] CLI Version:   11.30.0
[debug] [2023-05-06T05:01:18.546Z] Platform:      darwin
[debug] [2023-05-06T05:01:18.547Z] Node Version:  v16.16.0
[debug] [2023-05-06T05:01:18.548Z] Time:          Fri May 05 2023 22:01:18 GMT-0700 (Pacific Daylight Time)
[debug] [2023-05-06T05:01:18.548Z] ----------------------------------------------------------------------
[debug] 
[debug] [2023-05-06T05:01:18.644Z] > command requires scopes: ["email","openid","https://www.googleapis.com/auth/cloudplatformprojects.readonly","https://www.googleapis.com/auth/firebase","https://www.googleapis.com/auth/cloud-platform"]
[debug] [2023-05-06T05:01:18.645Z] > authorizing via signed-in user (chenghsi.yang@gmail.com)
[debug] [2023-05-06T05:01:18.680Z] openjdk version "20.0.1" 2023-04-18
OpenJDK Runtime Environment Homebrew (build 20.0.1)
OpenJDK 64-Bit Server VM Homebrew (build 20.0.1, mixed mode, sharing)

[debug] [2023-05-06T05:01:18.684Z] Parsed Java major version: 20
[info] i  emulators: Starting emulators: auth, database, storage {"metadata":{"emulator":{"name":"hub"},"message":"Starting emulators: auth, database, storage"}}
[info] i  emulators: Detected demo project ID "demo-friendlychat-android", emulated services will use a demo configuration and attempts to access non-emulated services for this project will fail. {"metadata":{"emulator":{"name":"hub"},"message":"Detected demo project ID \"demo-friendlychat-android\", emulated services will use a demo configuration and attempts to access non-emulated services for this project will fail."}}
[debug] [2023-05-06T05:01:20.570Z] [logging] Logging Emulator only supports listening on one address (127.0.0.1). Not listening on ::1
[debug] [2023-05-06T05:01:20.571Z] [auth] Authentication Emulator only supports listening on one address (127.0.0.1). Not listening on ::1
[debug] [2023-05-06T05:01:20.571Z] [database] Database Emulator only supports listening on one address (127.0.0.1). Not listening on ::1
[debug] [2023-05-06T05:01:20.572Z] [storage] Storage Emulator only supports listening on one address (127.0.0.1). Not listening on ::1
[debug] [2023-05-06T05:01:20.573Z] assigned listening specs for emulators {"user":{"hub":[{"address":"127.0.0.1","family":"IPv4","port":4400},{"address":"::1","family":"IPv6","port":4400}],"ui":[{"address":"127.0.0.1","family":"IPv4","port":4000},{"address":"::1","family":"IPv6","port":4000}],"logging":[{"address":"127.0.0.1","family":"IPv4","port":4500}],"auth":[{"address":"127.0.0.1","family":"IPv4","port":9099}],"database":[{"address":"127.0.0.1","family":"IPv4","port":9000}],"storage":[{"address":"127.0.0.1","family":"IPv4","port":9199}]},"metadata":{"message":"assigned listening specs for emulators"}}
[debug] [2023-05-06T05:01:20.585Z] [hub] writing locator at /var/folders/vg/h8thn6213nv14nlkd0gtcgfw0000gn/T/hub-demo-friendlychat-android.json
[debug] [2023-05-06T05:01:20.600Z] >>> [apiv2][query] GET https://firebase.googleapis.com/v1beta1/projects/demo-friendlychat-android [none]
[debug] [2023-05-06T05:01:20.844Z] <<< [apiv2][status] GET https://firebase.googleapis.com/v1beta1/projects/demo-friendlychat-android 403
[debug] [2023-05-06T05:01:20.846Z] <<< [apiv2][body] GET https://firebase.googleapis.com/v1beta1/projects/demo-friendlychat-android {"error":{"code":403,"message":"The caller does not have permission","status":"PERMISSION_DENIED"}}
[debug] [2023-05-06T05:01:20.848Z] HTTP Error: 403, The caller does not have permission
[debug] [2023-05-06T05:01:20.848Z] Failed to retrieve default database instance: {"name":"FirebaseError","children":[],"exit":2,"message":"Failed to get Firebase project demo-friendlychat-android. Please make sure the project exists and your account has permission to access it.","original":{"name":"FirebaseError","children":[],"context":{"body":{"error":{"code":403,"message":"The caller does not have permission","status":"PERMISSION_DENIED"}},"response":{"statusCode":403}},"exit":1,"message":"HTTP Error: 403, The caller does not have permission","status":403},"status":500} {"metadata":{"emulator":{"name":"database"},"message":"Failed to retrieve default database instance: {\"name\":\"FirebaseError\",\"children\":[],\"exit\":2,\"message\":\"Failed to get Firebase project demo-friendlychat-android. Please make sure the project exists and your account has permission to access it.\",\"original\":{\"name\":\"FirebaseError\",\"children\":[],\"context\":{\"body\":{\"error\":{\"code\":403,\"message\":\"The caller does not have permission\",\"status\":\"PERMISSION_DENIED\"}},\"response\":{\"statusCode\":403}},\"exit\":1,\"message\":\"HTTP Error: 403, The caller does not have permission\",\"status\":403},\"status\":500}"}}
[debug] [2023-05-06T05:01:20.850Z] database rules config:  [{"instance":"demo-friendlychat-android-default-rtdb","rules":"/Users/admin/Desktop/Lab4/database.rules.json"}]
[info] i  database: downloading firebase-database-emulator-v4.11.0.jar... {"metadata":{"emulator":{"name":"database"},"message":"downloading firebase-database-emulator-v4.11.0.jar..."}}
[debug] [2023-05-06T05:01:20.865Z] >>> [apiv2][query] GET https://storage.googleapis.com/firebase-preview-drop/emulator/firebase-database-emulator-v4.11.0.jar 
[debug] [2023-05-06T05:01:21.022Z] <<< [apiv2][status] GET https://storage.googleapis.com/firebase-preview-drop/emulator/firebase-database-emulator-v4.11.0.jar 200
[debug] [2023-05-06T05:01:21.022Z] <<< [apiv2][body] GET https://storage.googleapis.com/firebase-preview-drop/emulator/firebase-database-emulator-v4.11.0.jar [stream]
[debug] [2023-05-06T05:01:24.228Z] Ignoring unsupported arg: projectId {"metadata":{"emulator":{"name":"database"},"message":"Ignoring unsupported arg: projectId"}}
[debug] [2023-05-06T05:01:24.231Z] Ignoring unsupported arg: auto_download {"metadata":{"emulator":{"name":"database"},"message":"Ignoring unsupported arg: auto_download"}}
[debug] [2023-05-06T05:01:24.232Z] Ignoring unsupported arg: rules {"metadata":{"emulator":{"name":"database"},"message":"Ignoring unsupported arg: rules"}}
[debug] [2023-05-06T05:01:24.232Z] Starting Database Emulator with command {"binary":"java","args":["-Duser.language=en","-jar","/Users/admin/.cache/firebase/emulators/firebase-database-emulator-v4.11.0.jar","--host","127.0.0.1","--port",9000,"--single_project_mode","Warning"],"optionalArgs":["port","host","functions_emulator_port","functions_emulator_host","single_project_mode"],"joinArgs":false} {"metadata":{"emulator":{"name":"database"},"message":"Starting Database Emulator with command {\"binary\":\"java\",\"args\":[\"-Duser.language=en\",\"-jar\",\"/Users/admin/.cache/firebase/emulators/firebase-database-emulator-v4.11.0.jar\",\"--host\",\"127.0.0.1\",\"--port\",9000,\"--single_project_mode\",\"Warning\"],\"optionalArgs\":[\"port\",\"host\",\"functions_emulator_port\",\"functions_emulator_host\",\"single_project_mode\"],\"joinArgs\":false}"}}
[info] i  database: Database Emulator logging to database-debug.log {"metadata":{"emulator":{"name":"database"},"message":"Database Emulator logging to \u001b[1mdatabase-debug.log\u001b[22m"}}
[debug] [2023-05-06T05:01:24.705Z] 22:01:24.703 [NamespaceSystem-akka.actor.default-dispatcher-4] INFO akka.event.slf4j.Slf4jLogger - Slf4jLogger started
 {"metadata":{"emulator":{"name":"database"},"message":"22:01:24.703 [NamespaceSystem-akka.actor.default-dispatcher-4] INFO akka.event.slf4j.Slf4jLogger - Slf4jLogger started\n"}}
[debug] [2023-05-06T05:01:24.769Z] 22:01:24.769 [main] INFO com.firebase.server.forge.App$ - Listening at 127.0.0.1:9000
 {"metadata":{"emulator":{"name":"database"},"message":"22:01:24.769 [main] INFO com.firebase.server.forge.App$ - Listening at 127.0.0.1:9000\n"}}
[info] i  storage: downloading cloud-storage-rules-runtime-v1.1.3.jar... {"metadata":{"emulator":{"name":"storage"},"message":"downloading cloud-storage-rules-runtime-v1.1.3.jar..."}}
[debug] [2023-05-06T05:01:29.336Z] >>> [apiv2][query] GET https://storage.googleapis.com/firebase-preview-drop/emulator/cloud-storage-rules-runtime-v1.1.3.jar 
[debug] [2023-05-06T05:01:29.453Z] <<< [apiv2][status] GET https://storage.googleapis.com/firebase-preview-drop/emulator/cloud-storage-rules-runtime-v1.1.3.jar 200
[debug] [2023-05-06T05:01:29.453Z] <<< [apiv2][body] GET https://storage.googleapis.com/firebase-preview-drop/emulator/cloud-storage-rules-runtime-v1.1.3.jar [stream]
[debug] [2023-05-06T05:01:34.335Z] Ignoring unsupported arg: port {"metadata":{"emulator":{"name":"storage"},"message":"Ignoring unsupported arg: port"}}
[debug] [2023-05-06T05:01:34.686Z] Temp file directory for storage emulator: /var/folders/vg/h8thn6213nv14nlkd0gtcgfw0000gn/T/firebase/storage/blobs {"metadata":{"emulator":{"name":"storage"},"message":"Temp file directory for storage emulator: /var/folders/vg/h8thn6213nv14nlkd0gtcgfw0000gn/T/firebase/storage/blobs"}}
[info] i  ui: downloading ui-v1.11.6.zip... {"metadata":{"emulator":{"name":"ui"},"message":"downloading ui-v1.11.6.zip..."}}
[debug] [2023-05-06T05:01:34.704Z] >>> [apiv2][query] GET https://storage.googleapis.com/firebase-preview-drop/emulator/ui-v1.11.6.zip 
[debug] [2023-05-06T05:01:34.738Z] <<< [apiv2][status] GET https://storage.googleapis.com/firebase-preview-drop/emulator/ui-v1.11.6.zip 200
[debug] [2023-05-06T05:01:34.739Z] <<< [apiv2][body] GET https://storage.googleapis.com/firebase-preview-drop/emulator/ui-v1.11.6.zip [stream]
[debug] [2023-05-06T05:01:35.043Z] Data is 3063444
[debug] [2023-05-06T05:01:35.045Z] [unzip] Entry: client/ (compressed_size=0 bytes, uncompressed_size=0 bytes)
[debug] [2023-05-06T05:01:35.046Z] [unzip] Processing entry: client/
[debug] [2023-05-06T05:01:35.046Z] [unzip] mkdir: /Users/admin/.cache/firebase/emulators/ui-v1.11.6/client/
[debug] [2023-05-06T05:01:35.047Z] [unzip] Entry: client/favicon.ico (compressed_size=2497 bytes, uncompressed_size=7406 bytes)
[debug] [2023-05-06T05:01:35.047Z] [unzip] Processing entry: client/favicon.ico
[debug] [2023-05-06T05:01:35.047Z] [unzip] else mkdir: /Users/admin/.cache/firebase/emulators/ui-v1.11.6/client
[debug] [2023-05-06T05:01:35.047Z] [unzip] deflating: /Users/admin/.cache/firebase/emulators/ui-v1.11.6/client/favicon.ico
[debug] [2023-05-06T05:01:35.053Z] [unzip] Entry: client/apple-touch-icon.png (compressed_size=7231 bytes, uncompressed_size=7367 bytes)
[debug] [2023-05-06T05:01:35.054Z] [unzip] Processing entry: client/apple-touch-icon.png
[debug] [2023-05-06T05:01:35.054Z] [unzip] else mkdir: /Users/admin/.cache/firebase/emulators/ui-v1.11.6/client
[debug] [2023-05-06T05:01:35.054Z] [unzip] deflating: /Users/admin/.cache/firebase/emulators/ui-v1.11.6/client/apple-touch-icon.png
[debug] [2023-05-06T05:01:35.055Z] [unzip] Entry: client/android-chrome-512x512.png (compressed_size=16987 bytes, uncompressed_size=18186 bytes)
[debug] [2023-05-06T05:01:35.055Z] [unzip] Processing entry: client/android-chrome-512x512.png
[debug] [2023-05-06T05:01:35.055Z] [unzip] else mkdir: /Users/admin/.cache/firebase/emulators/ui-v1.11.6/client
[debug] [2023-05-06T05:01:35.055Z] [unzip] deflating: /Users/admin/.cache/firebase/emulators/ui-v1.11.6/client/android-chrome-512x512.png
[debug] [2023-05-06T05:01:35.058Z] [unzip] Entry: client/assets/ (compressed_size=0 bytes, uncompressed_size=0 bytes)
[debug] [2023-05-06T05:01:35.058Z] [unzip] Processing entry: client/assets/
[debug] [2023-05-06T05:01:35.058Z] [unzip] mkdir: /Users/admin/.cache/firebase/emulators/ui-v1.11.6/client/assets/
[debug] [2023-05-06T05:01:35.058Z] [unzip] Entry: client/assets/extensions/ (compressed_size=0 bytes, uncompressed_size=0 bytes)
[debug] [2023-05-06T05:01:35.058Z] [unzip] Processing entry: client/assets/extensions/
[debug] [2023-05-06T05:01:35.058Z] [unzip] mkdir: /Users/admin/.cache/firebase/emulators/ui-v1.11.6/client/assets/extensions/
[debug] [2023-05-06T05:01:35.058Z] [unzip] Entry: client/assets/extensions/default-extension.png (compressed_size=1646 bytes, uncompressed_size=1657 bytes)
[debug] [2023-05-06T05:01:35.058Z] [unzip] Processing entry: client/assets/extensions/default-extension.png
[debug] [2023-05-06T05:01:35.058Z] [unzip] else mkdir: /Users/admin/.cache/firebase/emulators/ui-v1.11.6/client/assets/extensions
[debug] [2023-05-06T05:01:35.058Z] [unzip] deflating: /Users/admin/.cache/firebase/emulators/ui-v1.11.6/client/assets/extensions/default-extension.png
[debug] [2023-05-06T05:01:35.059Z] [unzip] Entry: client/assets/index.85584c3f.js (compressed_size=526096 bytes, uncompressed_size=1859818 bytes)
[debug] [2023-05-06T05:01:35.059Z] [unzip] Processing entry: client/assets/index.85584c3f.js
[debug] [2023-05-06T05:01:35.059Z] [unzip] else mkdir: /Users/admin/.cache/firebase/emulators/ui-v1.11.6/client/assets
[debug] [2023-05-06T05:01:35.059Z] [unzip] deflating: /Users/admin/.cache/firebase/emulators/ui-v1.11.6/client/assets/index.85584c3f.js
[debug] [2023-05-06T05:01:35.067Z] [unzip] Entry: client/assets/provider-icons/ (compressed_size=0 bytes, uncompressed_size=0 bytes)
[debug] [2023-05-06T05:01:35.067Z] [unzip] Processing entry: client/assets/provider-icons/
[debug] [2023-05-06T05:01:35.067Z] [unzip] mkdir: /Users/admin/.cache/firebase/emulators/ui-v1.11.6/client/assets/provider-icons/
[debug] [2023-05-06T05:01:35.067Z] [unzip] Entry: client/assets/provider-icons/auth_service_oidc.svg (compressed_size=414 bytes, uncompressed_size=858 bytes)
[debug] [2023-05-06T05:01:35.067Z] [unzip] Processing entry: client/assets/provider-icons/auth_service_oidc.svg
[debug] [2023-05-06T05:01:35.067Z] [unzip] else mkdir: /Users/admin/.cache/firebase/emulators/ui-v1.11.6/client/assets/provider-icons
[debug] [2023-05-06T05:01:35.067Z] [unzip] deflating: /Users/admin/.cache/firebase/emulators/ui-v1.11.6/client/assets/provider-icons/auth_service_oidc.svg
[debug] [2023-05-06T05:01:35.068Z] [unzip] Entry: client/assets/provider-icons/auth_service_yahoo.svg (compressed_size=577 bytes, uncompressed_size=1182 bytes)
[debug] [2023-05-06T05:01:35.068Z] [unzip] Processing entry: client/assets/provider-icons/auth_service_yahoo.svg
[debug] [2023-05-06T05:01:35.068Z] [unzip] else mkdir: /Users/admin/.cache/firebase/emulators/ui-v1.11.6/client/assets/provider-icons
[debug] [2023-05-06T05:01:35.068Z] [unzip] deflating: /Users/admin/.cache/firebase/emulators/ui-v1.11.6/client/assets/provider-icons/auth_service_yahoo.svg
[debug] [2023-05-06T05:01:35.069Z] [unzip] Entry: client/assets/provider-icons/auth_service_phone.svg (compressed_size=261 bytes, uncompressed_size=414 bytes)
[debug] [2023-05-06T05:01:35.069Z] [unzip] Processing entry: client/assets/provider-icons/auth_service_phone.svg
[debug] [2023-05-06T05:01:35.069Z] [unzip] else mkdir: /Users/admin/.cache/firebase/emulators/ui-v1.11.6/client/assets/provider-icons
[debug] [2023-05-06T05:01:35.069Z] [unzip] deflating: /Users/admin/.cache/firebase/emulators/ui-v1.11.6/client/assets/provider-icons/auth_service_phone.svg
[debug] [2023-05-06T05:01:35.071Z] [unzip] Entry: client/assets/provider-icons/auth_service_saml.svg (compressed_size=575 bytes, uncompressed_size=1226 bytes)
[debug] [2023-05-06T05:01:35.071Z] [unzip] Processing entry: client/assets/provider-icons/auth_service_saml.svg
[debug] [2023-05-06T05:01:35.071Z] [unzip] else mkdir: /Users/admin/.cache/firebase/emulators/ui-v1.11.6/client/assets/provider-icons
[debug] [2023-05-06T05:01:35.071Z] [unzip] deflating: /Users/admin/.cache/firebase/emulators/ui-v1.11.6/client/assets/provider-icons/auth_service_saml.svg
[debug] [2023-05-06T05:01:35.073Z] [unzip] Entry: client/assets/provider-icons/auth_service_mslive.svg (compressed_size=203 bytes, uncompressed_size=378 bytes)
[debug] [2023-05-06T05:01:35.074Z] [unzip] Processing entry: client/assets/provider-icons/auth_service_mslive.svg
[debug] [2023-05-06T05:01:35.074Z] [unzip] else mkdir: /Users/admin/.cache/firebase/emulators/ui-v1.11.6/client/assets/provider-icons
[debug] [2023-05-06T05:01:35.074Z] [unzip] deflating: /Users/admin/.cache/firebase/emulators/ui-v1.11.6/client/assets/provider-icons/auth_service_mslive.svg
[debug] [2023-05-06T05:01:35.076Z] [unzip] Entry: client/assets/provider-icons/auth_service_facebook.svg (compressed_size=289 bytes, uncompressed_size=457 bytes)
[debug] [2023-05-06T05:01:35.076Z] [unzip] Processing entry: client/assets/provider-icons/auth_service_facebook.svg
[debug] [2023-05-06T05:01:35.076Z] [unzip] else mkdir: /Users/admin/.cache/firebase/emulators/ui-v1.11.6/client/assets/provider-icons
[debug] [2023-05-06T05:01:35.077Z] [unzip] deflating: /Users/admin/.cache/firebase/emulators/ui-v1.11.6/client/assets/provider-icons/auth_service_facebook.svg
[debug] [2023-05-06T05:01:35.080Z] [unzip] Entry: client/assets/provider-icons/auth_service_play_games.svg (compressed_size=565 bytes, uncompressed_size=1173 bytes)
[debug] [2023-05-06T05:01:35.080Z] [unzip] Processing entry: client/assets/provider-icons/auth_service_play_games.svg
[debug] [2023-05-06T05:01:35.080Z] [unzip] else mkdir: /Users/admin/.cache/firebase/emulators/ui-v1.11.6/client/assets/provider-icons
[debug] [2023-05-06T05:01:35.080Z] [unzip] deflating: /Users/admin/.cache/firebase/emulators/ui-v1.11.6/client/assets/provider-icons/auth_service_play_games.svg
[debug] [2023-05-06T05:01:35.080Z] [unzip] Entry: client/assets/provider-icons/auth_service_github.svg (compressed_size=466 bytes, uncompressed_size=838 bytes)
[debug] [2023-05-06T05:01:35.080Z] [unzip] Processing entry: client/assets/provider-icons/auth_service_github.svg
[debug] [2023-05-06T05:01:35.080Z] [unzip] else mkdir: /Users/admin/.cache/firebase/emulators/ui-v1.11.6/client/assets/provider-icons
[debug] [2023-05-06T05:01:35.080Z] [unzip] deflating: /Users/admin/.cache/firebase/emulators/ui-v1.11.6/client/assets/provider-icons/auth_service_github.svg
[debug] [2023-05-06T05:01:35.081Z] [unzip] Entry: client/assets/provider-icons/auth_service_apple.svg (compressed_size=230 bytes, uncompressed_size=334 bytes)
[debug] [2023-05-06T05:01:35.081Z] [unzip] Processing entry: client/assets/provider-icons/auth_service_apple.svg
[debug] [2023-05-06T05:01:35.081Z] [unzip] else mkdir: /Users/admin/.cache/firebase/emulators/ui-v1.11.6/client/assets/provider-icons
[debug] [2023-05-06T05:01:35.081Z] [unzip] deflating: /Users/admin/.cache/firebase/emulators/ui-v1.11.6/client/assets/provider-icons/auth_service_apple.svg
[debug] [2023-05-06T05:01:35.081Z] [unzip] Entry: client/assets/provider-icons/auth_service_google.svg (compressed_size=409 bytes, uncompressed_size=720 bytes)
[debug] [2023-05-06T05:01:35.081Z] [unzip] Processing entry: client/assets/provider-icons/auth_service_google.svg
[debug] [2023-05-06T05:01:35.081Z] [unzip] else mkdir: /Users/admin/.cache/firebase/emulators/ui-v1.11.6/client/assets/provider-icons
[debug] [2023-05-06T05:01:35.081Z] [unzip] deflating: /Users/admin/.cache/firebase/emulators/ui-v1.11.6/client/assets/provider-icons/auth_service_google.svg
[debug] [2023-05-06T05:01:35.082Z] [unzip] Entry: client/assets/provider-icons/auth_service_email.svg (compressed_size=228 bytes, uncompressed_size=326 bytes)
[debug] [2023-05-06T05:01:35.082Z] [unzip] Processing entry: client/assets/provider-icons/auth_service_email.svg
[debug] [2023-05-06T05:01:35.082Z] [unzip] else mkdir: /Users/admin/.cache/firebase/emulators/ui-v1.11.6/client/assets/provider-icons
[debug] [2023-05-06T05:01:35.082Z] [unzip] deflating: /Users/admin/.cache/firebase/emulators/ui-v1.11.6/client/assets/provider-icons/auth_service_email.svg
[debug] [2023-05-06T05:01:35.086Z] [unzip] Entry: client/assets/provider-icons/auth_service_twitter.svg (compressed_size=444 bytes, uncompressed_size=751 bytes)
[debug] [2023-05-06T05:01:35.086Z] [unzip] Processing entry: client/assets/provider-icons/auth_service_twitter.svg
[debug] [2023-05-06T05:01:35.086Z] [unzip] else mkdir: /Users/admin/.cache/firebase/emulators/ui-v1.11.6/client/assets/provider-icons
[debug] [2023-05-06T05:01:35.086Z] [unzip] deflating: /Users/admin/.cache/firebase/emulators/ui-v1.11.6/client/assets/provider-icons/auth_service_twitter.svg
[debug] [2023-05-06T05:01:35.086Z] [unzip] Entry: client/assets/provider-icons/auth_service_game_center.svg (compressed_size=991 bytes, uncompressed_size=3921 bytes)
[debug] [2023-05-06T05:01:35.086Z] [unzip] Processing entry: client/assets/provider-icons/auth_service_game_center.svg
[debug] [2023-05-06T05:01:35.086Z] [unzip] else mkdir: /Users/admin/.cache/firebase/emulators/ui-v1.11.6/client/assets/provider-icons
[debug] [2023-05-06T05:01:35.086Z] [unzip] deflating: /Users/admin/.cache/firebase/emulators/ui-v1.11.6/client/assets/provider-icons/auth_service_game_center.svg
[debug] [2023-05-06T05:01:35.087Z] [unzip] Entry: client/assets/img/ (compressed_size=0 bytes, uncompressed_size=0 bytes)
[debug] [2023-05-06T05:01:35.087Z] [unzip] Processing entry: client/assets/img/
[debug] [2023-05-06T05:01:35.087Z] [unzip] mkdir: /Users/admin/.cache/firebase/emulators/ui-v1.11.6/client/assets/img/
[debug] [2023-05-06T05:01:35.087Z] [unzip] Entry: client/assets/img/database.png (compressed_size=29449 bytes, uncompressed_size=29988 bytes)
[debug] [2023-05-06T05:01:35.087Z] [unzip] Processing entry: client/assets/img/database.png
[debug] [2023-05-06T05:01:35.087Z] [unzip] else mkdir: /Users/admin/.cache/firebase/emulators/ui-v1.11.6/client/assets/img
[debug] [2023-05-06T05:01:35.087Z] [unzip] deflating: /Users/admin/.cache/firebase/emulators/ui-v1.11.6/client/assets/img/database.png
[debug] [2023-05-06T05:01:35.088Z] [unzip] Entry: client/assets/index.b9383ce5.css (compressed_size=37605 bytes, uncompressed_size=321268 bytes)
[debug] [2023-05-06T05:01:35.088Z] [unzip] Processing entry: client/assets/index.b9383ce5.css
[debug] [2023-05-06T05:01:35.088Z] [unzip] else mkdir: /Users/admin/.cache/firebase/emulators/ui-v1.11.6/client/assets
[debug] [2023-05-06T05:01:35.088Z] [unzip] deflating: /Users/admin/.cache/firebase/emulators/ui-v1.11.6/client/assets/index.b9383ce5.css
[debug] [2023-05-06T05:01:35.089Z] [unzip] Entry: client/assets/index.85584c3f.js.map (compressed_size=1778028 bytes, uncompressed_size=7960238 bytes)
[debug] [2023-05-06T05:01:35.089Z] [unzip] Processing entry: client/assets/index.85584c3f.js.map
[debug] [2023-05-06T05:01:35.089Z] [unzip] else mkdir: /Users/admin/.cache/firebase/emulators/ui-v1.11.6/client/assets
[debug] [2023-05-06T05:01:35.090Z] [unzip] deflating: /Users/admin/.cache/firebase/emulators/ui-v1.11.6/client/assets/index.85584c3f.js.map
[debug] [2023-05-06T05:01:35.117Z] [unzip] Entry: client/safari-pinned-tab.svg (compressed_size=838 bytes, uncompressed_size=1504 bytes)
[debug] [2023-05-06T05:01:35.117Z] [unzip] Processing entry: client/safari-pinned-tab.svg
[debug] [2023-05-06T05:01:35.117Z] [unzip] else mkdir: /Users/admin/.cache/firebase/emulators/ui-v1.11.6/client
[debug] [2023-05-06T05:01:35.117Z] [unzip] deflating: /Users/admin/.cache/firebase/emulators/ui-v1.11.6/client/safari-pinned-tab.svg
[debug] [2023-05-06T05:01:35.118Z] [unzip] Entry: client/mstile-150x150.png (compressed_size=5406 bytes, uncompressed_size=5723 bytes)
[debug] [2023-05-06T05:01:35.118Z] [unzip] Processing entry: client/mstile-150x150.png
[debug] [2023-05-06T05:01:35.118Z] [unzip] else mkdir: /Users/admin/.cache/firebase/emulators/ui-v1.11.6/client
[debug] [2023-05-06T05:01:35.118Z] [unzip] deflating: /Users/admin/.cache/firebase/emulators/ui-v1.11.6/client/mstile-150x150.png
[debug] [2023-05-06T05:01:35.118Z] [unzip] Entry: client/browserconfig.xml (compressed_size=491 bytes, uncompressed_size=822 bytes)
[debug] [2023-05-06T05:01:35.118Z] [unzip] Processing entry: client/browserconfig.xml
[debug] [2023-05-06T05:01:35.118Z] [unzip] else mkdir: /Users/admin/.cache/firebase/emulators/ui-v1.11.6/client
[debug] [2023-05-06T05:01:35.118Z] [unzip] deflating: /Users/admin/.cache/firebase/emulators/ui-v1.11.6/client/browserconfig.xml
[debug] [2023-05-06T05:01:35.118Z] [unzip] Entry: client/robots.txt (compressed_size=26 bytes, uncompressed_size=26 bytes)
[debug] [2023-05-06T05:01:35.118Z] [unzip] Processing entry: client/robots.txt
[debug] [2023-05-06T05:01:35.118Z] [unzip] else mkdir: /Users/admin/.cache/firebase/emulators/ui-v1.11.6/client
[debug] [2023-05-06T05:01:35.119Z] [unzip] Writing file: /Users/admin/.cache/firebase/emulators/ui-v1.11.6/client/robots.txt
[debug] [2023-05-06T05:01:35.119Z] [unzip] Entry: client/index.html (compressed_size=1363 bytes, uncompressed_size=3064 bytes)
[debug] [2023-05-06T05:01:35.119Z] [unzip] Processing entry: client/index.html
[debug] [2023-05-06T05:01:35.119Z] [unzip] else mkdir: /Users/admin/.cache/firebase/emulators/ui-v1.11.6/client
[debug] [2023-05-06T05:01:35.119Z] [unzip] deflating: /Users/admin/.cache/firebase/emulators/ui-v1.11.6/client/index.html
[debug] [2023-05-06T05:01:35.120Z] [unzip] Entry: client/favicon-16x16.png (compressed_size=757 bytes, uncompressed_size=777 bytes)
[debug] [2023-05-06T05:01:35.120Z] [unzip] Processing entry: client/favicon-16x16.png
[debug] [2023-05-06T05:01:35.120Z] [unzip] else mkdir: /Users/admin/.cache/firebase/emulators/ui-v1.11.6/client
[debug] [2023-05-06T05:01:35.120Z] [unzip] deflating: /Users/admin/.cache/firebase/emulators/ui-v1.11.6/client/favicon-16x16.png
[debug] [2023-05-06T05:01:35.120Z] [unzip] Entry: client/manifest.json (compressed_size=246 bytes, uncompressed_size=551 bytes)
[debug] [2023-05-06T05:01:35.120Z] [unzip] Processing entry: client/manifest.json
[debug] [2023-05-06T05:01:35.120Z] [unzip] else mkdir: /Users/admin/.cache/firebase/emulators/ui-v1.11.6/client
[debug] [2023-05-06T05:01:35.120Z] [unzip] deflating: /Users/admin/.cache/firebase/emulators/ui-v1.11.6/client/manifest.json
[debug] [2023-05-06T05:01:35.121Z] [unzip] Entry: client/favicon-32x32.png (compressed_size=1175 bytes, uncompressed_size=1175 bytes)
[debug] [2023-05-06T05:01:35.121Z] [unzip] Processing entry: client/favicon-32x32.png
[debug] [2023-05-06T05:01:35.121Z] [unzip] else mkdir: /Users/admin/.cache/firebase/emulators/ui-v1.11.6/client
[debug] [2023-05-06T05:01:35.121Z] [unzip] Writing file: /Users/admin/.cache/firebase/emulators/ui-v1.11.6/client/favicon-32x32.png
[debug] [2023-05-06T05:01:35.121Z] [unzip] Entry: client/android-chrome-192x192.png (compressed_size=7602 bytes, uncompressed_size=7834 bytes)
[debug] [2023-05-06T05:01:35.121Z] [unzip] Processing entry: client/android-chrome-192x192.png
[debug] [2023-05-06T05:01:35.121Z] [unzip] else mkdir: /Users/admin/.cache/firebase/emulators/ui-v1.11.6/client
[debug] [2023-05-06T05:01:35.121Z] [unzip] deflating: /Users/admin/.cache/firebase/emulators/ui-v1.11.6/client/android-chrome-192x192.png
[debug] [2023-05-06T05:01:35.121Z] [unzip] Entry: server/ (compressed_size=0 bytes, uncompressed_size=0 bytes)
[debug] [2023-05-06T05:01:35.121Z] [unzip] Processing entry: server/
[debug] [2023-05-06T05:01:35.121Z] [unzip] mkdir: /Users/admin/.cache/firebase/emulators/ui-v1.11.6/server/
[debug] [2023-05-06T05:01:35.121Z] [unzip] Entry: server/server.js (compressed_size=343746 bytes, uncompressed_size=1346374 bytes)
[debug] [2023-05-06T05:01:35.121Z] [unzip] Processing entry: server/server.js
[debug] [2023-05-06T05:01:35.121Z] [unzip] else mkdir: /Users/admin/.cache/firebase/emulators/ui-v1.11.6/server
[debug] [2023-05-06T05:01:35.121Z] [unzip] deflating: /Users/admin/.cache/firebase/emulators/ui-v1.11.6/server/server.js
[debug] [2023-05-06T05:01:35.127Z] [unzip] Entry: server/server.js.map (compressed_size=289157 bytes, uncompressed_size=1325651 bytes)
[debug] [2023-05-06T05:01:35.127Z] [unzip] Processing entry: server/server.js.map
[debug] [2023-05-06T05:01:35.127Z] [unzip] else mkdir: /Users/admin/.cache/firebase/emulators/ui-v1.11.6/server
[debug] [2023-05-06T05:01:35.128Z] [unzip] deflating: /Users/admin/.cache/firebase/emulators/ui-v1.11.6/server/server.js.map
[debug] [2023-05-06T05:01:35.133Z] Ignoring unsupported arg: auto_download {"metadata":{"emulator":{"name":"ui"},"message":"Ignoring unsupported arg: auto_download"}}
[debug] [2023-05-06T05:01:35.133Z] Ignoring unsupported arg: port {"metadata":{"emulator":{"name":"ui"},"message":"Ignoring unsupported arg: port"}}
[debug] [2023-05-06T05:01:35.133Z] Starting Emulator UI with command {"binary":"node","args":["/Users/admin/.cache/firebase/emulators/ui-v1.11.6/server/server.js"],"optionalArgs":[],"joinArgs":false} {"metadata":{"emulator":{"name":"ui"},"message":"Starting Emulator UI with command {\"binary\":\"node\",\"args\":[\"/Users/admin/.cache/firebase/emulators/ui-v1.11.6/server/server.js\"],\"optionalArgs\":[],\"joinArgs\":false}"}}
[info] i  ui: Emulator UI logging to ui-debug.log {"metadata":{"emulator":{"name":"ui"},"message":"Emulator UI logging to \u001b[1mui-debug.log\u001b[22m"}}
[debug] [2023-05-06T05:01:35.296Z] Web / API server started at 127.0.0.1:4000
 {"metadata":{"emulator":{"name":"ui"},"message":"Web / API server started at 127.0.0.1:4000\n"}}
[debug] [2023-05-06T05:01:35.296Z] Web / API server started at ::1:4000
 {"metadata":{"emulator":{"name":"ui"},"message":"Web / API server started at ::1:4000\n"}}
[debug] [2023-05-06T05:01:35.425Z] >>> [apiv2][query] PUT http://127.0.0.1:9000/.settings/rules.json ns=demo-friendlychat-android-default-rtdb
[debug] [2023-05-06T05:01:35.425Z] >>> [apiv2][body] PUT http://127.0.0.1:9000/.settings/rules.json "{\n  \"rules\": {\n    \"messages\": {\n      \".read\": \"auth.uid != null\",\n      \".write\": \"auth.uid != null\"\n    }\n  }\n}\n"
[debug] [2023-05-06T05:01:35.562Z] 22:01:35.562 [NamespaceSystem-akka.actor.default-dispatcher-5] INFO com.firebase.core.namespace.NamespaceActor - demo-friendlychat-android-default-rtdb successfully activated FBKV (SurveyIdle(0)) wait: 57ms, init: 0ms
 {"metadata":{"emulator":{"name":"database"},"message":"22:01:35.562 [NamespaceSystem-akka.actor.default-dispatcher-5] INFO com.firebase.core.namespace.NamespaceActor - demo-friendlychat-android-default-rtdb successfully activated FBKV (SurveyIdle(0)) wait: 57ms, init: 0ms\n"}}
[debug] [2023-05-06T05:01:35.592Z] 22:01:35.592 [NamespaceSystem-blocking-namespace-operation-dispatcher-6] INFO com.firebase.core.namespace.StateManager - Namespace demo-friendlychat-android-default-rtdb status Active to Active
 {"metadata":{"emulator":{"name":"database"},"message":"22:01:35.592 [NamespaceSystem-blocking-namespace-operation-dispatcher-6] INFO com.firebase.core.namespace.StateManager - Namespace demo-friendlychat-android-default-rtdb status Active to Active\n"}}
[debug] [2023-05-06T05:01:35.615Z] <<< [apiv2][status] PUT http://127.0.0.1:9000/.settings/rules.json 200
[debug] [2023-05-06T05:01:35.615Z] <<< [apiv2][body] PUT http://127.0.0.1:9000/.settings/rules.json {"status":"ok"}
[info] 
┌─────────────────────────────────────────────────────────────┐
│ ✔  All emulators ready! It is now safe to connect your app. │
│ i  View Emulator UI at http://127.0.0.1:4000/               │
└─────────────────────────────────────────────────────────────┘

┌────────────────┬────────────────┬────────────────────────────────┐
│ Emulator       │ Host:Port      │ View in Emulator UI            │
├────────────────┼────────────────┼────────────────────────────────┤
│ Authentication │ 127.0.0.1:9099 │ http://127.0.0.1:4000/auth     │
├────────────────┼────────────────┼────────────────────────────────┤
│ Database       │ 127.0.0.1:9000 │ http://127.0.0.1:4000/database │
├────────────────┼────────────────┼────────────────────────────────┤
│ Storage        │ 127.0.0.1:9199 │ http://127.0.0.1:4000/storage  │
└────────────────┴────────────────┴────────────────────────────────┘
  Emulator Hub running at 127.0.0.1:4400
  Other reserved ports: 4500

Issues? Report them at https://github.com/firebase/firebase-tools/issues and attach the *-debug.log files.
 
[info] i  To reset your email address to ian@uw.edu, follow this link: http://127.0.0.1:9099/emulator/action?mode=recoverEmail&lang=en&oobCode=P-iy3FObfUVxOimqRdwezad7ffSvkqKfEpwehXKft9WXN41fUSD3Go&apiKey=fake-api-key {"metadata":{"emulator":{"name":"auth"},"message":"To reset your email address to ian@uw.edu, follow this link: http://127.0.0.1:9099/emulator/action?mode=recoverEmail&lang=en&oobCode=P-iy3FObfUVxOimqRdwezad7ffSvkqKfEpwehXKft9WXN41fUSD3Go&apiKey=fake-api-key"}}
[debug] [2023-05-06T05:31:06.064Z] 22:31:06.063 [FirebaseWorkerPool-1-1] WARN com.firebase.core.persistence.backend.dummy.EmulatorMetadataPersistence - Multiple projectIds are not recommended in single project mode. Requested 
namespace demo-friendlychat-android, but the emulator is configured for demo-friendlychat-android-default-rtdb. To 
opt-out of single project mode add/set the single_project_mode: false property in 
the firebase.json emulators config. 
 {"metadata":{"emulator":{"name":"database"},"message":"22:31:06.063 [FirebaseWorkerPool-1-1] WARN com.firebase.core.persistence.backend.dummy.EmulatorMetadataPersistence - Multiple projectIds are not recommended in single project mode. Requested \nnamespace demo-friendlychat-android, but the emulator is configured for demo-friendlychat-android-default-rtdb. To \nopt-out of single project mode add/set the single_project_mode: false property in \nthe firebase.json emulators config. \n"}}
[debug] [2023-05-06T05:31:06.073Z] 22:31:06.073 [NamespaceSystem-akka.actor.default-dispatcher-11] INFO com.firebase.core.namespace.NamespaceActor - demo-friendlychat-android successfully activated FBKV (SurveyIdle(0)) wait: 3ms, init: 0ms
 {"metadata":{"emulator":{"name":"database"},"message":"22:31:06.073 [NamespaceSystem-akka.actor.default-dispatcher-11] INFO com.firebase.core.namespace.NamespaceActor - demo-friendlychat-android successfully activated FBKV (SurveyIdle(0)) wait: 3ms, init: 0ms\n"}}
[debug] [2023-05-06T05:40:59.110Z] 22:40:59.109 [FirebaseWorkerPool-1-3] WARN com.firebase.core.persistence.backend.dummy.EmulatorMetadataPersistence - Multiple projectIds are not recommended in single project mode. Requested 
namespace 127, but the emulator is configured for demo-friendlychat-android,demo-friendlychat-android-default-rtdb. To 
opt-out of single project mode add/set the single_project_mode: false property in 
the firebase.json emulators config. 
 {"metadata":{"emulator":{"name":"database"},"message":"22:40:59.109 [FirebaseWorkerPool-1-3] WARN com.firebase.core.persistence.backend.dummy.EmulatorMetadataPersistence - Multiple projectIds are not recommended in single project mode. Requested \nnamespace 127, but the emulator is configured for demo-friendlychat-android,demo-friendlychat-android-default-rtdb. To \nopt-out of single project mode add/set the single_project_mode: false property in \nthe firebase.json emulators config. \n"}}
[debug] [2023-05-06T05:40:59.111Z] 22:40:59.111 [NamespaceSystem-akka.actor.default-dispatcher-16] INFO com.firebase.core.namespace.NamespaceActor - 127 successfully activated FBKV (SurveyIdle(0)) wait: 0ms, init: 0ms
 {"metadata":{"emulator":{"name":"database"},"message":"22:40:59.111 [NamespaceSystem-akka.actor.default-dispatcher-16] INFO com.firebase.core.namespace.NamespaceActor - 127 successfully activated FBKV (SurveyIdle(0)) wait: 0ms, init: 0ms\n"}}
[debug] [2023-05-06T06:50:00.410Z] Received signal SIGINT (Ctrl-C) 1
[info]  
[info] i  emulators: Received SIGINT (Ctrl-C) for the first time. Starting a clean shutdown. 
[info] i  emulators: Please wait for a clean shutdown or send the SIGINT (Ctrl-C) signal again to stop right now. 
[info] i  emulators: Shutting down emulators. {"metadata":{"emulator":{"name":"hub"},"message":"Shutting down emulators."}}
[info] i  ui: Stopping Emulator UI {"metadata":{"emulator":{"name":"ui"},"message":"Stopping Emulator UI"}}
[warn] ⚠  Emulator UI has exited upon receiving signal: SIGINT 
[info] i  database: Stopping Database Emulator {"metadata":{"emulator":{"name":"database"},"message":"Stopping Database Emulator"}}
[debug] [2023-05-06T06:50:00.437Z] 23:50:00.437 [Thread-0] INFO com.firebase.server.forge.App$ - Attempting graceful shutdown.
 {"metadata":{"emulator":{"name":"database"},"message":"23:50:00.437 [Thread-0] INFO com.firebase.server.forge.App$ - Attempting graceful shutdown.\n"}}
[debug] [2023-05-06T06:50:00.443Z] 23:50:00.442 [NamespaceSystem-akka.actor.default-dispatcher-13] INFO com.firebase.core.namespace.Terminator$Terminator - 3 actors left to terminate: demo-friendlychat-android-default-rtdb, demo-friendlychat-android, 127
 {"metadata":{"emulator":{"name":"database"},"message":"23:50:00.442 [NamespaceSystem-akka.actor.default-dispatcher-13] INFO com.firebase.core.namespace.Terminator$Terminator - 3 actors left to terminate: demo-friendlychat-android-default-rtdb, demo-friendlychat-android, 127\n"}}
[debug] [2023-05-06T06:50:00.446Z] 23:50:00.446 [NamespaceSystem-akka.actor.default-dispatcher-85] INFO com.firebase.core.namespace.NamespaceActor - stopped namespace actor for demo-friendlychat-android
 {"metadata":{"emulator":{"name":"database"},"message":"23:50:00.446 [NamespaceSystem-akka.actor.default-dispatcher-85] INFO com.firebase.core.namespace.NamespaceActor - stopped namespace actor for demo-friendlychat-android\n"}}
[debug] [2023-05-06T06:50:00.446Z] 23:50:00.446 [NamespaceSystem-akka.actor.default-dispatcher-103] INFO com.firebase.core.namespace.NamespaceActor - stopped namespace actor for 127
23:50:00.446 [NamespaceSystem-akka.actor.default-dispatcher-16] INFO com.firebase.core.namespace.NamespaceActor - stopped namespace actor for demo-friendlychat-android-default-rtdb
 {"metadata":{"emulator":{"name":"database"},"message":"23:50:00.446 [NamespaceSystem-akka.actor.default-dispatcher-103] INFO com.firebase.core.namespace.NamespaceActor - stopped namespace actor for 127\n23:50:00.446 [NamespaceSystem-akka.actor.default-dispatcher-16] INFO com.firebase.core.namespace.NamespaceActor - stopped namespace actor for demo-friendlychat-android-default-rtdb\n"}}
[debug] [2023-05-06T06:50:00.448Z] 23:50:00.448 [Thread-0] INFO com.firebase.server.forge.App$ - Graceful shutdown complete.
 {"metadata":{"emulator":{"name":"database"},"message":"23:50:00.448 [Thread-0] INFO com.firebase.server.forge.App$ - Graceful shutdown complete.\n"}}
[info] i  auth: Stopping Authentication Emulator {"metadata":{"emulator":{"name":"auth"},"message":"Stopping Authentication Emulator"}}
[info] i  storage: Stopping Storage Emulator {"metadata":{"emulator":{"name":"storage"},"message":"Stopping Storage Emulator"}}
[info] i  hub: Stopping emulator hub {"metadata":{"emulator":{"name":"hub"},"message":"Stopping emulator hub"}}
[info] i  logging: Stopping Logging Emulator {"metadata":{"emulator":{"name":"logging"},"message":"Stopping Logging Emulator"}}
